<?xml version="1.0" encoding="UTF-8"?>
<testng-results ignored="0" total="2" passed="2" failed="0" skipped="0">
  <reporter-output>
  </reporter-output>
  <suite started-at="2022-12-06T14:21:11 IST" name="Default suite" finished-at="2022-12-06T14:21:40 IST" duration-ms="29451">
    <groups>
    </groups>
    <test started-at="2022-12-06T14:21:11 IST" name="Default test" finished-at="2022-12-06T14:21:40 IST" duration-ms="29451">
      <class name="test.TC_01_ServiceNow_Login_Positive_Negative">
        <test-method is-config="true" signature="setUp()[pri:0, instance:test.TC_01_ServiceNow_Login_Positive_Negative@145f66e3]" started-at="2022-12-06T14:21:11 IST" name="setUp" finished-at="2022-12-06T14:21:27 IST" duration-ms="15964" status="PASS">
          <reporter-output>
          </reporter-output>
        </test-method> <!-- setUp -->
        <test-method signature="negativeLogin()[pri:2, instance:test.TC_01_ServiceNow_Login_Positive_Negative@145f66e3]" started-at="2022-12-06T14:21:27 IST" name="negativeLogin" finished-at="2022-12-06T14:21:30 IST" duration-ms="3790" status="PASS">
          <reporter-output>
          </reporter-output>
        </test-method> <!-- negativeLogin -->
        <test-method signature="positiveLogin()[pri:3, instance:test.TC_01_ServiceNow_Login_Positive_Negative@145f66e3]" started-at="2022-12-06T14:21:30 IST" name="positiveLogin" finished-at="2022-12-06T14:21:40 IST" duration-ms="9151" status="PASS">
          <reporter-output>
          </reporter-output>
        </test-method> <!-- positiveLogin -->
        <test-method is-config="true" signature="tearDown()[pri:0, instance:test.TC_01_ServiceNow_Login_Positive_Negative@145f66e3]" started-at="2022-12-06T14:21:40 IST" name="tearDown" finished-at="2022-12-06T14:21:40 IST" duration-ms="425" status="PASS">
          <reporter-output>
          </reporter-output>
        </test-method> <!-- tearDown -->
      </class> <!-- test.TC_01_ServiceNow_Login_Positive_Negative -->
    </test> <!-- Default test -->
  </suite> <!-- Default suite -->
</testng-results>
